{"C:\\Users\\tomha\\FestivowTryouts\\Firebase\\festivow\\src\\App.vue": {"path":"C:\\Users\\tomha\\FestivowTryouts\\Firebase\\festivow\\src\\App.vue","statementMap":{"0":{"start":{"line":19,"column":0},"end":{"line":null,"column":-1}},"1":{"start":{"line":20,"column":0},"end":{"line":null,"column":-1}},"2":{"start":{"line":26,"column":0},"end":{"line":28,"column":0}},"3":{"start":{"line":27,"column":0},"end":{"line":null,"column":-1}},"4":{"start":{"line":29,"column":0},"end":{"line":null,"column":-1}},"5":{"start":{"line":34,"column":0},"end":{"line":null,"column":-1}},"6":{"start":{"line":37,"column":0},"end":{"line":null,"column":-1}},"7":{"start":{"line":40,"column":0},"end":{"line":null,"column":-1}}},"fnMap":{"0":{"name":"logged","decl":{"start":{"line":25,"column":0},"end":{"line":null,"column":-1}},"loc":{"start":{"line":25,"column":0},"end":{"line":30,"column":0}}},"1":{"name":"hello","decl":{"start":{"line":33,"column":0},"end":{"line":null,"column":-1}},"loc":{"start":{"line":33,"column":0},"end":{"line":35,"column":0}}},"2":{"name":"profile","decl":{"start":{"line":36,"column":0},"end":{"line":null,"column":-1}},"loc":{"start":{"line":36,"column":0},"end":{"line":38,"column":0}}},"3":{"name":"login","decl":{"start":{"line":39,"column":0},"end":{"line":null,"column":-1}},"loc":{"start":{"line":39,"column":0},"end":{"line":41,"column":0}}}},"branchMap":{"0":{"loc":{"start":{"line":26,"column":0},"end":{"line":28,"column":0}},"type":"if","locations":[{"start":{"line":26,"column":0},"end":{"line":28,"column":0}},{"start":{"line":26,"column":0},"end":{"line":28,"column":0}}]}},"s":{"0":0,"1":0,"2":0,"3":0,"4":0,"5":0,"6":0,"7":0},"f":{"0":0,"1":0,"2":0,"3":0},"b":{"0":[0,0]}}
,"C:\\Users\\tomha\\FestivowTryouts\\Firebase\\festivow\\src\\firebaseConfig.js": {"path":"C:\\Users\\tomha\\FestivowTryouts\\Firebase\\festivow\\src\\firebaseConfig.js","statementMap":{"0":{"start":{"line":1,"column":0},"end":{"line":null,"column":-1}},"1":{"start":{"line":4,"column":13},"end":{"line":4,"column":0}},"2":{"start":{"line":12,"column":0},"end":{"line":null,"column":-1}},"3":{"start":{"line":14,"column":18},"end":{"line":14,"column":0}},"4":{"start":{"line":15,"column":13},"end":{"line":15,"column":0}},"5":{"start":{"line":16,"column":20},"end":{"line":16,"column":0}},"6":{"start":{"line":18,"column":26},"end":{"line":18,"column":0}},"7":{"start":{"line":21,"column":0},"end":{"line":null,"column":-1}},"8":{"start":{"line":23,"column":24},"end":{"line":23,"column":0}}},"fnMap":{},"branchMap":{},"s":{"0":0,"1":0,"2":0,"3":0,"4":0,"5":0,"6":0,"7":0,"8":0},"f":{},"b":{}}
,"C:\\Users\\tomha\\FestivowTryouts\\Firebase\\festivow\\src\\components\\Administrator.vue": {"path":"C:\\Users\\tomha\\FestivowTryouts\\Firebase\\festivow\\src\\components\\Administrator.vue","statementMap":{"0":{"start":{"line":23,"column":0},"end":{"line":null,"column":-1}},"1":{"start":{"line":27,"column":0},"end":{"line":null,"column":-1}},"2":{"start":{"line":33,"column":0},"end":{"line":null,"column":-1}},"3":{"start":{"line":34,"column":0},"end":{"line":null,"column":-1}},"4":{"start":{"line":35,"column":0},"end":{"line":49,"column":0}},"5":{"start":{"line":36,"column":0},"end":{"line":48,"column":0}},"6":{"start":{"line":37,"column":0},"end":{"line":null,"column":-1}},"7":{"start":{"line":45,"column":0},"end":{"line":null,"column":-1}},"8":{"start":{"line":46,"column":0},"end":{"line":null,"column":-1}},"9":{"start":{"line":50,"column":0},"end":{"line":null,"column":-1}},"10":{"start":{"line":54,"column":0},"end":{"line":null,"column":-1}},"11":{"start":{"line":55,"column":0},"end":{"line":59,"column":0}},"12":{"start":{"line":56,"column":0},"end":{"line":null,"column":-1}},"13":{"start":{"line":58,"column":0},"end":{"line":null,"column":-1}}},"fnMap":{"0":{"name":"data","decl":{"start":{"line":26,"column":0},"end":{"line":null,"column":-1}},"loc":{"start":{"line":26,"column":0},"end":{"line":30,"column":0}}},"1":{"name":"presentUsers","decl":{"start":{"line":32,"column":0},"end":{"line":null,"column":-1}},"loc":{"start":{"line":32,"column":0},"end":{"line":51,"column":0}}},"2":{"name":"(anonymous_3)","decl":{"start":{"line":35,"column":0},"end":{"line":null,"column":-1}},"loc":{"start":{"line":35,"column":0},"end":{"line":49,"column":0}}},"3":{"name":"(anonymous_4)","decl":{"start":{"line":36,"column":0},"end":{"line":null,"column":-1}},"loc":{"start":{"line":36,"column":0},"end":{"line":48,"column":0}}},"4":{"name":"deleteUser","decl":{"start":{"line":53,"column":0},"end":{"line":null,"column":-1}},"loc":{"start":{"line":53,"column":0},"end":{"line":60,"column":0}}},"5":{"name":"(anonymous_6)","decl":{"start":{"line":55,"column":0},"end":{"line":null,"column":-1}},"loc":{"start":{"line":55,"column":0},"end":{"line":57,"column":0}}},"6":{"name":"(anonymous_7)","decl":{"start":{"line":57,"column":0},"end":{"line":null,"column":-1}},"loc":{"start":{"line":57,"column":0},"end":{"line":59,"column":0}}}},"branchMap":{},"s":{"0":0,"1":0,"2":0,"3":0,"4":0,"5":0,"6":0,"7":0,"8":0,"9":0,"10":0,"11":0,"12":0,"13":0},"f":{"0":0,"1":0,"2":0,"3":0,"4":0,"5":0,"6":0},"b":{}}
,"C:\\Users\\tomha\\FestivowTryouts\\Firebase\\festivow\\src\\components\\HelloWorld.vue": {"path":"C:\\Users\\tomha\\FestivowTryouts\\Firebase\\festivow\\src\\components\\HelloWorld.vue","statementMap":{"0":{"start":{"line":19,"column":0},"end":{"line":null,"column":-1}},"1":{"start":{"line":24,"column":0},"end":{"line":null,"column":-1}},"2":{"start":{"line":28,"column":0},"end":{"line":null,"column":-1}},"3":{"start":{"line":29,"column":0},"end":{"line":31,"column":0}},"4":{"start":{"line":30,"column":0},"end":{"line":null,"column":-1}},"5":{"start":{"line":34,"column":0},"end":{"line":null,"column":-1}}},"fnMap":{"0":{"name":"data","decl":{"start":{"line":23,"column":0},"end":{"line":null,"column":-1}},"loc":{"start":{"line":23,"column":0},"end":{"line":26,"column":0}}},"1":{"name":"logout","decl":{"start":{"line":28,"column":0},"end":{"line":null,"column":-1}},"loc":{"start":{"line":28,"column":0},"end":{"line":32,"column":0}}},"2":{"name":"(anonymous_3)","decl":{"start":{"line":29,"column":0},"end":{"line":null,"column":-1}},"loc":{"start":{"line":29,"column":0},"end":{"line":31,"column":0}}},"3":{"name":"administrator","decl":{"start":{"line":33,"column":0},"end":{"line":null,"column":-1}},"loc":{"start":{"line":33,"column":0},"end":{"line":35,"column":0}}}},"branchMap":{},"s":{"0":0,"1":0,"2":0,"3":0,"4":0,"5":0},"f":{"0":0,"1":0,"2":0,"3":0},"b":{}}
,"C:\\Users\\tomha\\FestivowTryouts\\Firebase\\festivow\\src\\components\\Login.vue": {"path":"C:\\Users\\tomha\\FestivowTryouts\\Firebase\\festivow\\src\\components\\Login.vue","statementMap":{"0":{"start":{"line":34,"column":0},"end":{"line":null,"column":-1}},"1":{"start":{"line":35,"column":0},"end":{"line":null,"column":-1}},"2":{"start":{"line":36,"column":0},"end":{"line":null,"column":-1}},"3":{"start":{"line":41,"column":0},"end":{"line":null,"column":-1}},"4":{"start":{"line":58,"column":0},"end":{"line":64,"column":0}},"5":{"start":{"line":60,"column":0},"end":{"line":null,"column":-1}},"6":{"start":{"line":63,"column":0},"end":{"line":null,"column":-1}},"7":{"start":{"line":70,"column":0},"end":{"line":null,"column":-1}},"8":{"start":{"line":71,"column":0},"end":{"line":null,"column":-1}},"9":{"start":{"line":73,"column":0},"end":{"line":null,"column":-1}},"10":{"start":{"line":75,"column":0},"end":{"line":null,"column":-1}},"11":{"start":{"line":77,"column":0},"end":{"line":null,"column":-1}},"12":{"start":{"line":80,"column":0},"end":{"line":null,"column":-1}},"13":{"start":{"line":81,"column":0},"end":{"line":null,"column":-1}},"14":{"start":{"line":83,"column":0},"end":{"line":null,"column":-1}},"15":{"start":{"line":85,"column":0},"end":{"line":null,"column":-1}}},"fnMap":{"0":{"name":"data","decl":{"start":{"line":40,"column":0},"end":{"line":null,"column":-1}},"loc":{"start":{"line":40,"column":0},"end":{"line":45,"column":0}}},"1":{"name":"login","decl":{"start":{"line":56,"column":0},"end":{"line":null,"column":-1}},"loc":{"start":{"line":56,"column":0},"end":{"line":66,"column":0}}},"2":{"name":"(anonymous_4)","decl":{"start":{"line":58,"column":0},"end":{"line":null,"column":-1}},"loc":{"start":{"line":58,"column":0},"end":{"line":61,"column":0}}},"3":{"name":"(anonymous_5)","decl":{"start":{"line":61,"column":0},"end":{"line":null,"column":-1}},"loc":{"start":{"line":61,"column":0},"end":{"line":64,"column":0}}},"4":{"name":"emailErrors","decl":{"start":{"line":69,"column":0},"end":{"line":null,"column":-1}},"loc":{"start":{"line":69,"column":0},"end":{"line":78,"column":0}}},"5":{"name":"passwordErrors","decl":{"start":{"line":79,"column":0},"end":{"line":null,"column":-1}},"loc":{"start":{"line":79,"column":0},"end":{"line":86,"column":0}}}},"branchMap":{"0":{"loc":{"start":{"line":71,"column":0},"end":{"line":null,"column":-1}},"type":"if","locations":[{"start":{"line":71,"column":0},"end":{"line":null,"column":-1}},{"start":{"line":71,"column":0},"end":{"line":null,"column":-1}}]},"1":{"loc":{"start":{"line":73,"column":0},"end":{"line":null,"column":-1}},"type":"if","locations":[{"start":{"line":73,"column":0},"end":{"line":null,"column":-1}},{"start":{"line":73,"column":0},"end":{"line":null,"column":-1}}]},"2":{"loc":{"start":{"line":75,"column":0},"end":{"line":null,"column":-1}},"type":"if","locations":[{"start":{"line":75,"column":0},"end":{"line":null,"column":-1}},{"start":{"line":75,"column":0},"end":{"line":null,"column":-1}}]},"3":{"loc":{"start":{"line":81,"column":0},"end":{"line":null,"column":-1}},"type":"if","locations":[{"start":{"line":81,"column":0},"end":{"line":null,"column":-1}},{"start":{"line":81,"column":0},"end":{"line":null,"column":-1}}]},"4":{"loc":{"start":{"line":83,"column":0},"end":{"line":null,"column":-1}},"type":"if","locations":[{"start":{"line":83,"column":0},"end":{"line":null,"column":-1}},{"start":{"line":83,"column":0},"end":{"line":null,"column":-1}}]}},"s":{"0":0,"1":0,"2":0,"3":0,"4":0,"5":0,"6":0,"7":0,"8":0,"9":0,"10":0,"11":0,"12":0,"13":0,"14":0,"15":0},"f":{"0":0,"1":0,"2":0,"3":0,"4":0,"5":0},"b":{"0":[0,0],"1":[0,0],"2":[0,0],"3":[0,0],"4":[0,0]}}
,"C:\\Users\\tomha\\FestivowTryouts\\Firebase\\festivow\\src\\components\\SignUp.vue": {"path":"C:\\Users\\tomha\\FestivowTryouts\\Firebase\\festivow\\src\\components\\SignUp.vue","statementMap":{"0":{"start":{"line":75,"column":0},"end":{"line":null,"column":-1}},"1":{"start":{"line":76,"column":0},"end":{"line":null,"column":-1}},"2":{"start":{"line":77,"column":0},"end":{"line":null,"column":-1}},"3":{"start":{"line":79,"column":0},"end":{"line":84,"column":0}},"4":{"start":{"line":80,"column":0},"end":{"line":82,"column":0}},"5":{"start":{"line":81,"column":0},"end":{"line":null,"column":-1}},"6":{"start":{"line":83,"column":0},"end":{"line":null,"column":-1}},"7":{"start":{"line":86,"column":0},"end":{"line":90,"column":0}},"8":{"start":{"line":87,"column":0},"end":{"line":null,"column":-1}},"9":{"start":{"line":89,"column":0},"end":{"line":null,"column":-1}},"10":{"start":{"line":92,"column":0},"end":{"line":96,"column":0}},"11":{"start":{"line":93,"column":0},"end":{"line":null,"column":-1}},"12":{"start":{"line":95,"column":0},"end":{"line":null,"column":-1}},"13":{"start":{"line":98,"column":0},"end":{"line":102,"column":0}},"14":{"start":{"line":99,"column":0},"end":{"line":null,"column":-1}},"15":{"start":{"line":101,"column":0},"end":{"line":null,"column":-1}},"16":{"start":{"line":106,"column":0},"end":{"line":null,"column":-1}},"17":{"start":{"line":159,"column":0},"end":{"line":null,"column":-1}},"18":{"start":{"line":160,"column":0},"end":{"line":null,"column":-1}},"19":{"start":{"line":161,"column":0},"end":{"line":null,"column":-1}},"20":{"start":{"line":163,"column":0},"end":{"line":null,"column":-1}},"21":{"start":{"line":165,"column":0},"end":{"line":null,"column":-1}},"22":{"start":{"line":167,"column":0},"end":{"line":null,"column":-1}},"23":{"start":{"line":170,"column":0},"end":{"line":null,"column":-1}},"24":{"start":{"line":171,"column":0},"end":{"line":null,"column":-1}},"25":{"start":{"line":172,"column":0},"end":{"line":null,"column":-1}},"26":{"start":{"line":174,"column":0},"end":{"line":null,"column":-1}},"27":{"start":{"line":176,"column":0},"end":{"line":null,"column":-1}},"28":{"start":{"line":178,"column":0},"end":{"line":null,"column":-1}},"29":{"start":{"line":180,"column":0},"end":{"line":null,"column":-1}},"30":{"start":{"line":182,"column":0},"end":{"line":null,"column":-1}},"31":{"start":{"line":186,"column":0},"end":{"line":null,"column":-1}},"32":{"start":{"line":187,"column":0},"end":{"line":null,"column":-1}},"33":{"start":{"line":189,"column":0},"end":{"line":null,"column":-1}},"34":{"start":{"line":191,"column":0},"end":{"line":null,"column":-1}},"35":{"start":{"line":193,"column":0},"end":{"line":null,"column":-1}},"36":{"start":{"line":196,"column":0},"end":{"line":null,"column":-1}},"37":{"start":{"line":197,"column":0},"end":{"line":null,"column":-1}},"38":{"start":{"line":199,"column":0},"end":{"line":null,"column":-1}},"39":{"start":{"line":201,"column":0},"end":{"line":null,"column":-1}},"40":{"start":{"line":203,"column":0},"end":{"line":null,"column":-1}},"41":{"start":{"line":206,"column":0},"end":{"line":null,"column":-1}},"42":{"start":{"line":207,"column":0},"end":{"line":null,"column":-1}},"43":{"start":{"line":209,"column":0},"end":{"line":null,"column":-1}},"44":{"start":{"line":211,"column":0},"end":{"line":null,"column":-1}},"45":{"start":{"line":213,"column":0},"end":{"line":null,"column":-1}},"46":{"start":{"line":218,"column":0},"end":{"line":null,"column":-1}},"47":{"start":{"line":219,"column":0},"end":{"line":239,"column":0}},"48":{"start":{"line":220,"column":0},"end":{"line":null,"column":-1}},"49":{"start":{"line":229,"column":0},"end":{"line":238,"column":0}},"50":{"start":{"line":231,"column":0},"end":{"line":null,"column":-1}},"51":{"start":{"line":232,"column":0},"end":{"line":null,"column":-1}},"52":{"start":{"line":233,"column":0},"end":{"line":null,"column":-1}},"53":{"start":{"line":234,"column":0},"end":{"line":null,"column":-1}},"54":{"start":{"line":237,"column":0},"end":{"line":null,"column":-1}}},"fnMap":{"0":{"name":"onlyAlphaAndSpaces","decl":{"start":{"line":79,"column":0},"end":{"line":null,"column":-1}},"loc":{"start":{"line":79,"column":0},"end":{"line":84,"column":0}}},"1":{"name":"atLeastOneCapital","decl":{"start":{"line":86,"column":0},"end":{"line":null,"column":-1}},"loc":{"start":{"line":86,"column":0},"end":{"line":90,"column":0}}},"2":{"name":"atLeastOneLetter","decl":{"start":{"line":92,"column":0},"end":{"line":null,"column":-1}},"loc":{"start":{"line":92,"column":0},"end":{"line":96,"column":0}}},"3":{"name":"atLeastOneNumber","decl":{"start":{"line":98,"column":0},"end":{"line":null,"column":-1}},"loc":{"start":{"line":98,"column":0},"end":{"line":102,"column":0}}},"4":{"name":"data","decl":{"start":{"line":105,"column":0},"end":{"line":null,"column":-1}},"loc":{"start":{"line":105,"column":0},"end":{"line":130,"column":0}}},"5":{"name":"nameErrors","decl":{"start":{"line":158,"column":0},"end":{"line":null,"column":-1}},"loc":{"start":{"line":158,"column":0},"end":{"line":168,"column":0}}},"6":{"name":"passwordErrors","decl":{"start":{"line":169,"column":0},"end":{"line":null,"column":-1}},"loc":{"start":{"line":169,"column":0},"end":{"line":184,"column":0}}},"7":{"name":"confirmPasswordErrors","decl":{"start":{"line":185,"column":0},"end":{"line":null,"column":-1}},"loc":{"start":{"line":185,"column":0},"end":{"line":194,"column":0}}},"8":{"name":"emailErrors","decl":{"start":{"line":195,"column":0},"end":{"line":null,"column":-1}},"loc":{"start":{"line":195,"column":0},"end":{"line":204,"column":0}}},"9":{"name":"ageErrors","decl":{"start":{"line":205,"column":0},"end":{"line":null,"column":-1}},"loc":{"start":{"line":205,"column":0},"end":{"line":214,"column":0}}},"10":{"name":"signUp","decl":{"start":{"line":217,"column":0},"end":{"line":null,"column":-1}},"loc":{"start":{"line":217,"column":0},"end":{"line":240,"column":0}}},"11":{"name":"(anonymous_13)","decl":{"start":{"line":229,"column":0},"end":{"line":null,"column":-1}},"loc":{"start":{"line":229,"column":0},"end":{"line":235,"column":0}}},"12":{"name":"(anonymous_14)","decl":{"start":{"line":235,"column":0},"end":{"line":null,"column":-1}},"loc":{"start":{"line":235,"column":0},"end":{"line":238,"column":0}}}},"branchMap":{"0":{"loc":{"start":{"line":80,"column":0},"end":{"line":82,"column":0}},"type":"if","locations":[{"start":{"line":80,"column":0},"end":{"line":82,"column":0}},{"start":{"line":80,"column":0},"end":{"line":82,"column":0}}]},"1":{"loc":{"start":{"line":87,"column":0},"end":{"line":null,"column":-1}},"type":"if","locations":[{"start":{"line":87,"column":0},"end":{"line":null,"column":-1}},{"start":{"line":87,"column":0},"end":{"line":null,"column":-1}}]},"2":{"loc":{"start":{"line":93,"column":0},"end":{"line":null,"column":-1}},"type":"if","locations":[{"start":{"line":93,"column":0},"end":{"line":null,"column":-1}},{"start":{"line":93,"column":0},"end":{"line":null,"column":-1}}]},"3":{"loc":{"start":{"line":99,"column":0},"end":{"line":null,"column":-1}},"type":"if","locations":[{"start":{"line":99,"column":0},"end":{"line":null,"column":-1}},{"start":{"line":99,"column":0},"end":{"line":null,"column":-1}}]},"4":{"loc":{"start":{"line":160,"column":0},"end":{"line":null,"column":-1}},"type":"if","locations":[{"start":{"line":160,"column":0},"end":{"line":null,"column":-1}},{"start":{"line":160,"column":0},"end":{"line":null,"column":-1}}]},"5":{"loc":{"start":{"line":161,"column":0},"end":{"line":null,"column":-1}},"type":"if","locations":[{"start":{"line":161,"column":0},"end":{"line":null,"column":-1}},{"start":{"line":161,"column":0},"end":{"line":null,"column":-1}}]},"6":{"loc":{"start":{"line":163,"column":0},"end":{"line":null,"column":-1}},"type":"if","locations":[{"start":{"line":163,"column":0},"end":{"line":null,"column":-1}},{"start":{"line":163,"column":0},"end":{"line":null,"column":-1}}]},"7":{"loc":{"start":{"line":165,"column":0},"end":{"line":null,"column":-1}},"type":"if","locations":[{"start":{"line":165,"column":0},"end":{"line":null,"column":-1}},{"start":{"line":165,"column":0},"end":{"line":null,"column":-1}}]},"8":{"loc":{"start":{"line":171,"column":0},"end":{"line":null,"column":-1}},"type":"if","locations":[{"start":{"line":171,"column":0},"end":{"line":null,"column":-1}},{"start":{"line":171,"column":0},"end":{"line":null,"column":-1}}]},"9":{"loc":{"start":{"line":172,"column":0},"end":{"line":null,"column":-1}},"type":"if","locations":[{"start":{"line":172,"column":0},"end":{"line":null,"column":-1}},{"start":{"line":172,"column":0},"end":{"line":null,"column":-1}}]},"10":{"loc":{"start":{"line":174,"column":0},"end":{"line":null,"column":-1}},"type":"if","locations":[{"start":{"line":174,"column":0},"end":{"line":null,"column":-1}},{"start":{"line":174,"column":0},"end":{"line":null,"column":-1}}]},"11":{"loc":{"start":{"line":176,"column":0},"end":{"line":null,"column":-1}},"type":"if","locations":[{"start":{"line":176,"column":0},"end":{"line":null,"column":-1}},{"start":{"line":176,"column":0},"end":{"line":null,"column":-1}}]},"12":{"loc":{"start":{"line":178,"column":0},"end":{"line":null,"column":-1}},"type":"if","locations":[{"start":{"line":178,"column":0},"end":{"line":null,"column":-1}},{"start":{"line":178,"column":0},"end":{"line":null,"column":-1}}]},"13":{"loc":{"start":{"line":180,"column":0},"end":{"line":null,"column":-1}},"type":"if","locations":[{"start":{"line":180,"column":0},"end":{"line":null,"column":-1}},{"start":{"line":180,"column":0},"end":{"line":null,"column":-1}}]},"14":{"loc":{"start":{"line":187,"column":0},"end":{"line":null,"column":-1}},"type":"if","locations":[{"start":{"line":187,"column":0},"end":{"line":null,"column":-1}},{"start":{"line":187,"column":0},"end":{"line":null,"column":-1}}]},"15":{"loc":{"start":{"line":189,"column":0},"end":{"line":null,"column":-1}},"type":"if","locations":[{"start":{"line":189,"column":0},"end":{"line":null,"column":-1}},{"start":{"line":189,"column":0},"end":{"line":null,"column":-1}}]},"16":{"loc":{"start":{"line":191,"column":0},"end":{"line":null,"column":-1}},"type":"if","locations":[{"start":{"line":191,"column":0},"end":{"line":null,"column":-1}},{"start":{"line":191,"column":0},"end":{"line":null,"column":-1}}]},"17":{"loc":{"start":{"line":197,"column":0},"end":{"line":null,"column":-1}},"type":"if","locations":[{"start":{"line":197,"column":0},"end":{"line":null,"column":-1}},{"start":{"line":197,"column":0},"end":{"line":null,"column":-1}}]},"18":{"loc":{"start":{"line":199,"column":0},"end":{"line":null,"column":-1}},"type":"if","locations":[{"start":{"line":199,"column":0},"end":{"line":null,"column":-1}},{"start":{"line":199,"column":0},"end":{"line":null,"column":-1}}]},"19":{"loc":{"start":{"line":201,"column":0},"end":{"line":null,"column":-1}},"type":"if","locations":[{"start":{"line":201,"column":0},"end":{"line":null,"column":-1}},{"start":{"line":201,"column":0},"end":{"line":null,"column":-1}}]},"20":{"loc":{"start":{"line":207,"column":0},"end":{"line":null,"column":-1}},"type":"if","locations":[{"start":{"line":207,"column":0},"end":{"line":null,"column":-1}},{"start":{"line":207,"column":0},"end":{"line":null,"column":-1}}]},"21":{"loc":{"start":{"line":209,"column":0},"end":{"line":null,"column":-1}},"type":"if","locations":[{"start":{"line":209,"column":0},"end":{"line":null,"column":-1}},{"start":{"line":209,"column":0},"end":{"line":null,"column":-1}}]},"22":{"loc":{"start":{"line":211,"column":0},"end":{"line":null,"column":-1}},"type":"if","locations":[{"start":{"line":211,"column":0},"end":{"line":null,"column":-1}},{"start":{"line":211,"column":0},"end":{"line":null,"column":-1}}]},"23":{"loc":{"start":{"line":219,"column":0},"end":{"line":239,"column":0}},"type":"if","locations":[{"start":{"line":219,"column":0},"end":{"line":239,"column":0}},{"start":{"line":219,"column":0},"end":{"line":239,"column":0}}]}},"s":{"0":0,"1":0,"2":0,"3":0,"4":0,"5":0,"6":0,"7":0,"8":0,"9":0,"10":0,"11":0,"12":0,"13":0,"14":0,"15":0,"16":0,"17":0,"18":0,"19":0,"20":0,"21":0,"22":0,"23":0,"24":0,"25":0,"26":0,"27":0,"28":0,"29":0,"30":0,"31":0,"32":0,"33":0,"34":0,"35":0,"36":0,"37":0,"38":0,"39":0,"40":0,"41":0,"42":0,"43":0,"44":0,"45":0,"46":0,"47":0,"48":0,"49":0,"50":0,"51":0,"52":0,"53":0,"54":0},"f":{"0":0,"1":0,"2":0,"3":0,"4":0,"5":0,"6":0,"7":0,"8":0,"9":0,"10":0,"11":0,"12":0},"b":{"0":[0,0],"1":[0,0],"2":[0,0],"3":[0,0],"4":[0,0],"5":[0,0],"6":[0,0],"7":[0,0],"8":[0,0],"9":[0,0],"10":[0,0],"11":[0,0],"12":[0,0],"13":[0,0],"14":[0,0],"15":[0,0],"16":[0,0],"17":[0,0],"18":[0,0],"19":[0,0],"20":[0,0],"21":[0,0],"22":[0,0],"23":[0,0]}}
,"C:\\Users\\tomha\\FestivowTryouts\\Firebase\\festivow\\src\\components\\changePasswordDialog.vue": {"path":"C:\\Users\\tomha\\FestivowTryouts\\Firebase\\festivow\\src\\components\\changePasswordDialog.vue","statementMap":{"0":{"start":{"line":42,"column":0},"end":{"line":null,"column":-1}},"1":{"start":{"line":43,"column":0},"end":{"line":null,"column":-1}},"2":{"start":{"line":45,"column":0},"end":{"line":49,"column":0}},"3":{"start":{"line":46,"column":0},"end":{"line":null,"column":-1}},"4":{"start":{"line":48,"column":0},"end":{"line":null,"column":-1}},"5":{"start":{"line":51,"column":0},"end":{"line":55,"column":0}},"6":{"start":{"line":52,"column":0},"end":{"line":null,"column":-1}},"7":{"start":{"line":54,"column":0},"end":{"line":null,"column":-1}},"8":{"start":{"line":57,"column":0},"end":{"line":61,"column":0}},"9":{"start":{"line":58,"column":0},"end":{"line":null,"column":-1}},"10":{"start":{"line":60,"column":0},"end":{"line":null,"column":-1}},"11":{"start":{"line":65,"column":0},"end":{"line":null,"column":-1}},"12":{"start":{"line":86,"column":0},"end":{"line":null,"column":-1}},"13":{"start":{"line":87,"column":0},"end":{"line":null,"column":-1}},"14":{"start":{"line":88,"column":0},"end":{"line":null,"column":-1}},"15":{"start":{"line":90,"column":0},"end":{"line":null,"column":-1}},"16":{"start":{"line":92,"column":0},"end":{"line":null,"column":-1}},"17":{"start":{"line":94,"column":0},"end":{"line":null,"column":-1}},"18":{"start":{"line":96,"column":0},"end":{"line":null,"column":-1}},"19":{"start":{"line":98,"column":0},"end":{"line":null,"column":-1}},"20":{"start":{"line":102,"column":0},"end":{"line":null,"column":-1}},"21":{"start":{"line":103,"column":0},"end":{"line":null,"column":-1}},"22":{"start":{"line":105,"column":0},"end":{"line":null,"column":-1}},"23":{"start":{"line":107,"column":0},"end":{"line":null,"column":-1}},"24":{"start":{"line":109,"column":0},"end":{"line":null,"column":-1}},"25":{"start":{"line":114,"column":0},"end":{"line":null,"column":-1}},"26":{"start":{"line":115,"column":0},"end":{"line":null,"column":-1}},"27":{"start":{"line":116,"column":0},"end":{"line":126,"column":0}},"28":{"start":{"line":117,"column":0},"end":{"line":null,"column":-1}},"29":{"start":{"line":118,"column":0},"end":{"line":null,"column":-1}},"30":{"start":{"line":119,"column":0},"end":{"line":null,"column":-1}},"31":{"start":{"line":120,"column":0},"end":{"line":125,"column":0}},"32":{"start":{"line":121,"column":0},"end":{"line":null,"column":-1}},"33":{"start":{"line":124,"column":0},"end":{"line":null,"column":-1}},"34":{"start":{"line":127,"column":0},"end":{"line":null,"column":-1}}},"fnMap":{"0":{"name":"atLeastOneCapital","decl":{"start":{"line":45,"column":0},"end":{"line":null,"column":-1}},"loc":{"start":{"line":45,"column":0},"end":{"line":49,"column":0}}},"1":{"name":"atLeastOneLetter","decl":{"start":{"line":51,"column":0},"end":{"line":null,"column":-1}},"loc":{"start":{"line":51,"column":0},"end":{"line":55,"column":0}}},"2":{"name":"atLeastOneNumber","decl":{"start":{"line":57,"column":0},"end":{"line":null,"column":-1}},"loc":{"start":{"line":57,"column":0},"end":{"line":61,"column":0}}},"3":{"name":"data","decl":{"start":{"line":64,"column":0},"end":{"line":null,"column":-1}},"loc":{"start":{"line":64,"column":0},"end":{"line":70,"column":0}}},"4":{"name":"passwordErrors","decl":{"start":{"line":85,"column":0},"end":{"line":null,"column":-1}},"loc":{"start":{"line":85,"column":0},"end":{"line":100,"column":0}}},"5":{"name":"confirmPasswordErrors","decl":{"start":{"line":101,"column":0},"end":{"line":null,"column":-1}},"loc":{"start":{"line":101,"column":0},"end":{"line":110,"column":0}}},"6":{"name":"changePassword","decl":{"start":{"line":113,"column":0},"end":{"line":null,"column":-1}},"loc":{"start":{"line":113,"column":0},"end":{"line":128,"column":0}}},"7":{"name":"(anonymous_8)","decl":{"start":{"line":120,"column":0},"end":{"line":null,"column":-1}},"loc":{"start":{"line":120,"column":0},"end":{"line":122,"column":0}}},"8":{"name":"(anonymous_9)","decl":{"start":{"line":122,"column":0},"end":{"line":null,"column":-1}},"loc":{"start":{"line":122,"column":0},"end":{"line":125,"column":0}}}},"branchMap":{"0":{"loc":{"start":{"line":46,"column":0},"end":{"line":null,"column":-1}},"type":"if","locations":[{"start":{"line":46,"column":0},"end":{"line":null,"column":-1}},{"start":{"line":46,"column":0},"end":{"line":null,"column":-1}}]},"1":{"loc":{"start":{"line":52,"column":0},"end":{"line":null,"column":-1}},"type":"if","locations":[{"start":{"line":52,"column":0},"end":{"line":null,"column":-1}},{"start":{"line":52,"column":0},"end":{"line":null,"column":-1}}]},"2":{"loc":{"start":{"line":58,"column":0},"end":{"line":null,"column":-1}},"type":"if","locations":[{"start":{"line":58,"column":0},"end":{"line":null,"column":-1}},{"start":{"line":58,"column":0},"end":{"line":null,"column":-1}}]},"3":{"loc":{"start":{"line":87,"column":0},"end":{"line":null,"column":-1}},"type":"if","locations":[{"start":{"line":87,"column":0},"end":{"line":null,"column":-1}},{"start":{"line":87,"column":0},"end":{"line":null,"column":-1}}]},"4":{"loc":{"start":{"line":88,"column":0},"end":{"line":null,"column":-1}},"type":"if","locations":[{"start":{"line":88,"column":0},"end":{"line":null,"column":-1}},{"start":{"line":88,"column":0},"end":{"line":null,"column":-1}}]},"5":{"loc":{"start":{"line":90,"column":0},"end":{"line":null,"column":-1}},"type":"if","locations":[{"start":{"line":90,"column":0},"end":{"line":null,"column":-1}},{"start":{"line":90,"column":0},"end":{"line":null,"column":-1}}]},"6":{"loc":{"start":{"line":92,"column":0},"end":{"line":null,"column":-1}},"type":"if","locations":[{"start":{"line":92,"column":0},"end":{"line":null,"column":-1}},{"start":{"line":92,"column":0},"end":{"line":null,"column":-1}}]},"7":{"loc":{"start":{"line":94,"column":0},"end":{"line":null,"column":-1}},"type":"if","locations":[{"start":{"line":94,"column":0},"end":{"line":null,"column":-1}},{"start":{"line":94,"column":0},"end":{"line":null,"column":-1}}]},"8":{"loc":{"start":{"line":96,"column":0},"end":{"line":null,"column":-1}},"type":"if","locations":[{"start":{"line":96,"column":0},"end":{"line":null,"column":-1}},{"start":{"line":96,"column":0},"end":{"line":null,"column":-1}}]},"9":{"loc":{"start":{"line":103,"column":0},"end":{"line":null,"column":-1}},"type":"if","locations":[{"start":{"line":103,"column":0},"end":{"line":null,"column":-1}},{"start":{"line":103,"column":0},"end":{"line":null,"column":-1}}]},"10":{"loc":{"start":{"line":105,"column":0},"end":{"line":null,"column":-1}},"type":"if","locations":[{"start":{"line":105,"column":0},"end":{"line":null,"column":-1}},{"start":{"line":105,"column":0},"end":{"line":null,"column":-1}}]},"11":{"loc":{"start":{"line":107,"column":0},"end":{"line":null,"column":-1}},"type":"if","locations":[{"start":{"line":107,"column":0},"end":{"line":null,"column":-1}},{"start":{"line":107,"column":0},"end":{"line":null,"column":-1}}]},"12":{"loc":{"start":{"line":116,"column":0},"end":{"line":126,"column":0}},"type":"if","locations":[{"start":{"line":116,"column":0},"end":{"line":126,"column":0}},{"start":{"line":116,"column":0},"end":{"line":126,"column":0}}]}},"s":{"0":0,"1":0,"2":0,"3":0,"4":0,"5":0,"6":0,"7":0,"8":0,"9":0,"10":0,"11":0,"12":0,"13":0,"14":0,"15":0,"16":0,"17":0,"18":0,"19":0,"20":0,"21":0,"22":0,"23":0,"24":0,"25":0,"26":0,"27":0,"28":0,"29":0,"30":0,"31":0,"32":0,"33":0,"34":0},"f":{"0":0,"1":0,"2":0,"3":0,"4":0,"5":0,"6":0,"7":0,"8":0},"b":{"0":[0,0],"1":[0,0],"2":[0,0],"3":[0,0],"4":[0,0],"5":[0,0],"6":[0,0],"7":[0,0],"8":[0,0],"9":[0,0],"10":[0,0],"11":[0,0],"12":[0,0]}}
,"C:\\Users\\tomha\\FestivowTryouts\\Firebase\\festivow\\src\\components\\userProfile.vue": {"path":"C:\\Users\\tomha\\FestivowTryouts\\Firebase\\festivow\\src\\components\\userProfile.vue","statementMap":{"0":{"start":{"line":62,"column":0},"end":{"line":null,"column":-1}},"1":{"start":{"line":63,"column":0},"end":{"line":null,"column":-1}},"2":{"start":{"line":64,"column":0},"end":{"line":null,"column":-1}},"3":{"start":{"line":69,"column":0},"end":{"line":null,"column":-1}},"4":{"start":{"line":75,"column":0},"end":{"line":null,"column":-1}},"5":{"start":{"line":76,"column":0},"end":{"line":null,"column":-1}},"6":{"start":{"line":77,"column":0},"end":{"line":null,"column":-1}},"7":{"start":{"line":78,"column":0},"end":{"line":null,"column":-1}},"8":{"start":{"line":79,"column":0},"end":{"line":96,"column":0}},"9":{"start":{"line":80,"column":0},"end":{"line":93,"column":0}},"10":{"start":{"line":81,"column":0},"end":{"line":null,"column":-1}},"11":{"start":{"line":82,"column":0},"end":{"line":null,"column":-1}},"12":{"start":{"line":83,"column":0},"end":{"line":null,"column":-1}},"13":{"start":{"line":84,"column":0},"end":{"line":null,"column":-1}},"14":{"start":{"line":85,"column":0},"end":{"line":null,"column":-1}},"15":{"start":{"line":86,"column":0},"end":{"line":null,"column":-1}},"16":{"start":{"line":87,"column":0},"end":{"line":null,"column":-1}},"17":{"start":{"line":88,"column":0},"end":{"line":null,"column":-1}},"18":{"start":{"line":89,"column":0},"end":{"line":null,"column":-1}},"19":{"start":{"line":92,"column":0},"end":{"line":null,"column":-1}},"20":{"start":{"line":95,"column":0},"end":{"line":null,"column":-1}},"21":{"start":{"line":100,"column":0},"end":{"line":null,"column":-1}},"22":{"start":{"line":101,"column":0},"end":{"line":null,"column":-1}},"23":{"start":{"line":102,"column":0},"end":{"line":null,"column":-1}},"24":{"start":{"line":103,"column":0},"end":{"line":null,"column":-1}}},"fnMap":{"0":{"name":"data","decl":{"start":{"line":68,"column":0},"end":{"line":null,"column":-1}},"loc":{"start":{"line":68,"column":0},"end":{"line":74,"column":0}}},"1":{"name":"created","decl":{"start":{"line":75,"column":0},"end":{"line":null,"column":-1}},"loc":{"start":{"line":75,"column":0},"end":{"line":97,"column":0}}},"2":{"name":"(anonymous_4)","decl":{"start":{"line":79,"column":0},"end":{"line":null,"column":-1}},"loc":{"start":{"line":79,"column":0},"end":{"line":94,"column":0}}},"3":{"name":"(anonymous_5)","decl":{"start":{"line":94,"column":0},"end":{"line":null,"column":-1}},"loc":{"start":{"line":94,"column":0},"end":{"line":96,"column":0}}},"4":{"name":"openPasswordDialog","decl":{"start":{"line":99,"column":0},"end":{"line":null,"column":-1}},"loc":{"start":{"line":99,"column":0},"end":{"line":104,"column":0}}}},"branchMap":{"0":{"loc":{"start":{"line":80,"column":0},"end":{"line":93,"column":0}},"type":"if","locations":[{"start":{"line":80,"column":0},"end":{"line":93,"column":0}},{"start":{"line":80,"column":0},"end":{"line":93,"column":0}}]}},"s":{"0":0,"1":0,"2":0,"3":0,"4":0,"5":0,"6":0,"7":0,"8":0,"9":0,"10":0,"11":0,"12":0,"13":0,"14":0,"15":0,"16":0,"17":0,"18":0,"19":0,"20":0,"21":0,"22":0,"23":0,"24":0},"f":{"0":0,"1":0,"2":0,"3":0,"4":0},"b":{"0":[0,0]}}
,"C:\\Users\\tomha\\FestivowTryouts\\Firebase\\festivow\\src\\components\\userManagement\\changePasswordDialog.vue": {"path":"C:\\Users\\tomha\\FestivowTryouts\\Firebase\\festivow\\src\\components\\userManagement\\changePasswordDialog.vue","statementMap":{"0":{"start":{"line":42,"column":0},"end":{"line":null,"column":-1}},"1":{"start":{"line":43,"column":0},"end":{"line":null,"column":-1}},"2":{"start":{"line":44,"column":0},"end":{"line":null,"column":-1}},"3":{"start":{"line":46,"column":0},"end":{"line":50,"column":0}},"4":{"start":{"line":47,"column":0},"end":{"line":null,"column":-1}},"5":{"start":{"line":49,"column":0},"end":{"line":null,"column":-1}},"6":{"start":{"line":52,"column":0},"end":{"line":56,"column":0}},"7":{"start":{"line":53,"column":0},"end":{"line":null,"column":-1}},"8":{"start":{"line":55,"column":0},"end":{"line":null,"column":-1}},"9":{"start":{"line":58,"column":0},"end":{"line":62,"column":0}},"10":{"start":{"line":59,"column":0},"end":{"line":null,"column":-1}},"11":{"start":{"line":61,"column":0},"end":{"line":null,"column":-1}},"12":{"start":{"line":66,"column":0},"end":{"line":null,"column":-1}},"13":{"start":{"line":87,"column":0},"end":{"line":null,"column":-1}},"14":{"start":{"line":88,"column":0},"end":{"line":null,"column":-1}},"15":{"start":{"line":89,"column":0},"end":{"line":null,"column":-1}},"16":{"start":{"line":91,"column":0},"end":{"line":null,"column":-1}},"17":{"start":{"line":93,"column":0},"end":{"line":null,"column":-1}},"18":{"start":{"line":95,"column":0},"end":{"line":null,"column":-1}},"19":{"start":{"line":97,"column":0},"end":{"line":null,"column":-1}},"20":{"start":{"line":99,"column":0},"end":{"line":null,"column":-1}},"21":{"start":{"line":103,"column":0},"end":{"line":null,"column":-1}},"22":{"start":{"line":104,"column":0},"end":{"line":null,"column":-1}},"23":{"start":{"line":106,"column":0},"end":{"line":null,"column":-1}},"24":{"start":{"line":108,"column":0},"end":{"line":null,"column":-1}},"25":{"start":{"line":110,"column":0},"end":{"line":null,"column":-1}},"26":{"start":{"line":115,"column":0},"end":{"line":null,"column":-1}},"27":{"start":{"line":116,"column":0},"end":{"line":null,"column":-1}},"28":{"start":{"line":117,"column":0},"end":{"line":127,"column":0}},"29":{"start":{"line":118,"column":0},"end":{"line":null,"column":-1}},"30":{"start":{"line":119,"column":0},"end":{"line":null,"column":-1}},"31":{"start":{"line":120,"column":0},"end":{"line":null,"column":-1}},"32":{"start":{"line":121,"column":0},"end":{"line":126,"column":0}},"33":{"start":{"line":122,"column":0},"end":{"line":null,"column":-1}},"34":{"start":{"line":125,"column":0},"end":{"line":null,"column":-1}},"35":{"start":{"line":128,"column":0},"end":{"line":null,"column":-1}}},"fnMap":{"0":{"name":"atLeastOneCapital","decl":{"start":{"line":46,"column":0},"end":{"line":null,"column":-1}},"loc":{"start":{"line":46,"column":0},"end":{"line":50,"column":0}}},"1":{"name":"atLeastOneLetter","decl":{"start":{"line":52,"column":0},"end":{"line":null,"column":-1}},"loc":{"start":{"line":52,"column":0},"end":{"line":56,"column":0}}},"2":{"name":"atLeastOneNumber","decl":{"start":{"line":58,"column":0},"end":{"line":null,"column":-1}},"loc":{"start":{"line":58,"column":0},"end":{"line":62,"column":0}}},"3":{"name":"data","decl":{"start":{"line":65,"column":0},"end":{"line":null,"column":-1}},"loc":{"start":{"line":65,"column":0},"end":{"line":71,"column":0}}},"4":{"name":"passwordErrors","decl":{"start":{"line":86,"column":0},"end":{"line":null,"column":-1}},"loc":{"start":{"line":86,"column":0},"end":{"line":101,"column":0}}},"5":{"name":"confirmPasswordErrors","decl":{"start":{"line":102,"column":0},"end":{"line":null,"column":-1}},"loc":{"start":{"line":102,"column":0},"end":{"line":111,"column":0}}},"6":{"name":"changePassword","decl":{"start":{"line":114,"column":0},"end":{"line":null,"column":-1}},"loc":{"start":{"line":114,"column":0},"end":{"line":129,"column":0}}},"7":{"name":"(anonymous_9)","decl":{"start":{"line":121,"column":0},"end":{"line":null,"column":-1}},"loc":{"start":{"line":121,"column":0},"end":{"line":123,"column":0}}},"8":{"name":"(anonymous_10)","decl":{"start":{"line":123,"column":0},"end":{"line":null,"column":-1}},"loc":{"start":{"line":123,"column":0},"end":{"line":126,"column":0}}}},"branchMap":{"0":{"loc":{"start":{"line":47,"column":0},"end":{"line":null,"column":-1}},"type":"if","locations":[{"start":{"line":47,"column":0},"end":{"line":null,"column":-1}},{"start":{"line":47,"column":0},"end":{"line":null,"column":-1}}]},"1":{"loc":{"start":{"line":53,"column":0},"end":{"line":null,"column":-1}},"type":"if","locations":[{"start":{"line":53,"column":0},"end":{"line":null,"column":-1}},{"start":{"line":53,"column":0},"end":{"line":null,"column":-1}}]},"2":{"loc":{"start":{"line":59,"column":0},"end":{"line":null,"column":-1}},"type":"if","locations":[{"start":{"line":59,"column":0},"end":{"line":null,"column":-1}},{"start":{"line":59,"column":0},"end":{"line":null,"column":-1}}]},"3":{"loc":{"start":{"line":88,"column":0},"end":{"line":null,"column":-1}},"type":"if","locations":[{"start":{"line":88,"column":0},"end":{"line":null,"column":-1}},{"start":{"line":88,"column":0},"end":{"line":null,"column":-1}}]},"4":{"loc":{"start":{"line":89,"column":0},"end":{"line":null,"column":-1}},"type":"if","locations":[{"start":{"line":89,"column":0},"end":{"line":null,"column":-1}},{"start":{"line":89,"column":0},"end":{"line":null,"column":-1}}]},"5":{"loc":{"start":{"line":91,"column":0},"end":{"line":null,"column":-1}},"type":"if","locations":[{"start":{"line":91,"column":0},"end":{"line":null,"column":-1}},{"start":{"line":91,"column":0},"end":{"line":null,"column":-1}}]},"6":{"loc":{"start":{"line":93,"column":0},"end":{"line":null,"column":-1}},"type":"if","locations":[{"start":{"line":93,"column":0},"end":{"line":null,"column":-1}},{"start":{"line":93,"column":0},"end":{"line":null,"column":-1}}]},"7":{"loc":{"start":{"line":95,"column":0},"end":{"line":null,"column":-1}},"type":"if","locations":[{"start":{"line":95,"column":0},"end":{"line":null,"column":-1}},{"start":{"line":95,"column":0},"end":{"line":null,"column":-1}}]},"8":{"loc":{"start":{"line":97,"column":0},"end":{"line":null,"column":-1}},"type":"if","locations":[{"start":{"line":97,"column":0},"end":{"line":null,"column":-1}},{"start":{"line":97,"column":0},"end":{"line":null,"column":-1}}]},"9":{"loc":{"start":{"line":104,"column":0},"end":{"line":null,"column":-1}},"type":"if","locations":[{"start":{"line":104,"column":0},"end":{"line":null,"column":-1}},{"start":{"line":104,"column":0},"end":{"line":null,"column":-1}}]},"10":{"loc":{"start":{"line":106,"column":0},"end":{"line":null,"column":-1}},"type":"if","locations":[{"start":{"line":106,"column":0},"end":{"line":null,"column":-1}},{"start":{"line":106,"column":0},"end":{"line":null,"column":-1}}]},"11":{"loc":{"start":{"line":108,"column":0},"end":{"line":null,"column":-1}},"type":"if","locations":[{"start":{"line":108,"column":0},"end":{"line":null,"column":-1}},{"start":{"line":108,"column":0},"end":{"line":null,"column":-1}}]},"12":{"loc":{"start":{"line":117,"column":0},"end":{"line":127,"column":0}},"type":"if","locations":[{"start":{"line":117,"column":0},"end":{"line":127,"column":0}},{"start":{"line":117,"column":0},"end":{"line":127,"column":0}}]}},"s":{"0":0,"1":0,"2":0,"3":0,"4":0,"5":0,"6":0,"7":0,"8":0,"9":0,"10":0,"11":0,"12":0,"13":0,"14":0,"15":0,"16":0,"17":0,"18":0,"19":0,"20":0,"21":0,"22":0,"23":0,"24":0,"25":0,"26":0,"27":0,"28":0,"29":0,"30":0,"31":0,"32":0,"33":0,"34":0,"35":0},"f":{"0":0,"1":0,"2":0,"3":0,"4":0,"5":0,"6":0,"7":0,"8":0},"b":{"0":[0,0],"1":[0,0],"2":[0,0],"3":[0,0],"4":[0,0],"5":[0,0],"6":[0,0],"7":[0,0],"8":[0,0],"9":[0,0],"10":[0,0],"11":[0,0],"12":[0,0]}}
,"C:\\Users\\tomha\\FestivowTryouts\\Firebase\\festivow\\src\\services\\api.js": {"path":"C:\\Users\\tomha\\FestivowTryouts\\Firebase\\festivow\\src\\services\\api.js","statementMap":{"0":{"start":{"line":1,"column":0},"end":{"line":null,"column":-1}},"1":{"start":{"line":4,"column":1},"end":{"line":null,"column":-1}}},"fnMap":{},"branchMap":{},"s":{"0":0,"1":0},"f":{},"b":{}}
}
