TN:
SF:C:\Users\tomha\FestivowTryouts\Firebase\festivow\src\App.vue
FN:25,logged
FN:33,hello
FN:36,profile
FN:39,login
FNF:4
FNH:0
FNDA:0,logged
FNDA:0,hello
FNDA:0,profile
FNDA:0,login
DA:19,0
DA:20,0
DA:26,0
DA:27,0
DA:29,0
DA:34,0
DA:37,0
DA:40,0
LF:8
LH:0
BRDA:26,0,0,0
BRDA:26,0,1,0
BRF:2
BRH:0
end_of_record
TN:
SF:C:\Users\tomha\FestivowTryouts\Firebase\festivow\src\firebaseConfig.js
FNF:0
FNH:0
DA:1,0
DA:4,0
DA:12,0
DA:14,0
DA:15,0
DA:16,0
DA:18,0
DA:21,0
DA:23,0
LF:9
LH:0
BRF:0
BRH:0
end_of_record
TN:
SF:C:\Users\tomha\FestivowTryouts\Firebase\festivow\src\components\Administrator.vue
FN:26,data
FN:32,presentUsers
FN:35,(anonymous_3)
FN:36,(anonymous_4)
FN:53,deleteUser
FN:55,(anonymous_6)
FN:57,(anonymous_7)
FNF:7
FNH:0
FNDA:0,data
FNDA:0,presentUsers
FNDA:0,(anonymous_3)
FNDA:0,(anonymous_4)
FNDA:0,deleteUser
FNDA:0,(anonymous_6)
FNDA:0,(anonymous_7)
DA:23,0
DA:27,0
DA:33,0
DA:34,0
DA:35,0
DA:36,0
DA:37,0
DA:45,0
DA:46,0
DA:50,0
DA:54,0
DA:55,0
DA:56,0
DA:58,0
LF:14
LH:0
BRF:0
BRH:0
end_of_record
TN:
SF:C:\Users\tomha\FestivowTryouts\Firebase\festivow\src\components\HelloWorld.vue
FN:23,data
FN:28,logout
FN:29,(anonymous_3)
FN:33,administrator
FNF:4
FNH:0
FNDA:0,data
FNDA:0,logout
FNDA:0,(anonymous_3)
FNDA:0,administrator
DA:19,0
DA:24,0
DA:28,0
DA:29,0
DA:30,0
DA:34,0
LF:6
LH:0
BRF:0
BRH:0
end_of_record
TN:
SF:C:\Users\tomha\FestivowTryouts\Firebase\festivow\src\components\Login.vue
FN:40,data
FN:56,login
FN:58,(anonymous_4)
FN:61,(anonymous_5)
FN:69,emailErrors
FN:79,passwordErrors
FNF:6
FNH:0
FNDA:0,data
FNDA:0,login
FNDA:0,(anonymous_4)
FNDA:0,(anonymous_5)
FNDA:0,emailErrors
FNDA:0,passwordErrors
DA:34,0
DA:35,0
DA:36,0
DA:41,0
DA:58,0
DA:60,0
DA:63,0
DA:70,0
DA:71,0
DA:73,0
DA:75,0
DA:77,0
DA:80,0
DA:81,0
DA:83,0
DA:85,0
LF:16
LH:0
BRDA:71,0,0,0
BRDA:71,0,1,0
BRDA:73,1,0,0
BRDA:73,1,1,0
BRDA:75,2,0,0
BRDA:75,2,1,0
BRDA:81,3,0,0
BRDA:81,3,1,0
BRDA:83,4,0,0
BRDA:83,4,1,0
BRF:10
BRH:0
end_of_record
TN:
SF:C:\Users\tomha\FestivowTryouts\Firebase\festivow\src\components\SignUp.vue
FN:79,onlyAlphaAndSpaces
FN:86,atLeastOneCapital
FN:92,atLeastOneLetter
FN:98,atLeastOneNumber
FN:105,data
FN:158,nameErrors
FN:169,passwordErrors
FN:185,confirmPasswordErrors
FN:195,emailErrors
FN:205,ageErrors
FN:217,signUp
FN:229,(anonymous_13)
FN:235,(anonymous_14)
FNF:13
FNH:0
FNDA:0,onlyAlphaAndSpaces
FNDA:0,atLeastOneCapital
FNDA:0,atLeastOneLetter
FNDA:0,atLeastOneNumber
FNDA:0,data
FNDA:0,nameErrors
FNDA:0,passwordErrors
FNDA:0,confirmPasswordErrors
FNDA:0,emailErrors
FNDA:0,ageErrors
FNDA:0,signUp
FNDA:0,(anonymous_13)
FNDA:0,(anonymous_14)
DA:75,0
DA:76,0
DA:77,0
DA:79,0
DA:80,0
DA:81,0
DA:83,0
DA:86,0
DA:87,0
DA:89,0
DA:92,0
DA:93,0
DA:95,0
DA:98,0
DA:99,0
DA:101,0
DA:106,0
DA:159,0
DA:160,0
DA:161,0
DA:163,0
DA:165,0
DA:167,0
DA:170,0
DA:171,0
DA:172,0
DA:174,0
DA:176,0
DA:178,0
DA:180,0
DA:182,0
DA:186,0
DA:187,0
DA:189,0
DA:191,0
DA:193,0
DA:196,0
DA:197,0
DA:199,0
DA:201,0
DA:203,0
DA:206,0
DA:207,0
DA:209,0
DA:211,0
DA:213,0
DA:218,0
DA:219,0
DA:220,0
DA:229,0
DA:231,0
DA:232,0
DA:233,0
DA:234,0
DA:237,0
LF:55
LH:0
BRDA:80,0,0,0
BRDA:80,0,1,0
BRDA:87,1,0,0
BRDA:87,1,1,0
BRDA:93,2,0,0
BRDA:93,2,1,0
BRDA:99,3,0,0
BRDA:99,3,1,0
BRDA:160,4,0,0
BRDA:160,4,1,0
BRDA:161,5,0,0
BRDA:161,5,1,0
BRDA:163,6,0,0
BRDA:163,6,1,0
BRDA:165,7,0,0
BRDA:165,7,1,0
BRDA:171,8,0,0
BRDA:171,8,1,0
BRDA:172,9,0,0
BRDA:172,9,1,0
BRDA:174,10,0,0
BRDA:174,10,1,0
BRDA:176,11,0,0
BRDA:176,11,1,0
BRDA:178,12,0,0
BRDA:178,12,1,0
BRDA:180,13,0,0
BRDA:180,13,1,0
BRDA:187,14,0,0
BRDA:187,14,1,0
BRDA:189,15,0,0
BRDA:189,15,1,0
BRDA:191,16,0,0
BRDA:191,16,1,0
BRDA:197,17,0,0
BRDA:197,17,1,0
BRDA:199,18,0,0
BRDA:199,18,1,0
BRDA:201,19,0,0
BRDA:201,19,1,0
BRDA:207,20,0,0
BRDA:207,20,1,0
BRDA:209,21,0,0
BRDA:209,21,1,0
BRDA:211,22,0,0
BRDA:211,22,1,0
BRDA:219,23,0,0
BRDA:219,23,1,0
BRF:48
BRH:0
end_of_record
TN:
SF:C:\Users\tomha\FestivowTryouts\Firebase\festivow\src\components\changePasswordDialog.vue
FN:45,atLeastOneCapital
FN:51,atLeastOneLetter
FN:57,atLeastOneNumber
FN:64,data
FN:85,passwordErrors
FN:101,confirmPasswordErrors
FN:113,changePassword
FN:120,(anonymous_8)
FN:122,(anonymous_9)
FNF:9
FNH:0
FNDA:0,atLeastOneCapital
FNDA:0,atLeastOneLetter
FNDA:0,atLeastOneNumber
FNDA:0,data
FNDA:0,passwordErrors
FNDA:0,confirmPasswordErrors
FNDA:0,changePassword
FNDA:0,(anonymous_8)
FNDA:0,(anonymous_9)
DA:42,0
DA:43,0
DA:45,0
DA:46,0
DA:48,0
DA:51,0
DA:52,0
DA:54,0
DA:57,0
DA:58,0
DA:60,0
DA:65,0
DA:86,0
DA:87,0
DA:88,0
DA:90,0
DA:92,0
DA:94,0
DA:96,0
DA:98,0
DA:102,0
DA:103,0
DA:105,0
DA:107,0
DA:109,0
DA:114,0
DA:115,0
DA:116,0
DA:117,0
DA:118,0
DA:119,0
DA:120,0
DA:121,0
DA:124,0
DA:127,0
LF:35
LH:0
BRDA:46,0,0,0
BRDA:46,0,1,0
BRDA:52,1,0,0
BRDA:52,1,1,0
BRDA:58,2,0,0
BRDA:58,2,1,0
BRDA:87,3,0,0
BRDA:87,3,1,0
BRDA:88,4,0,0
BRDA:88,4,1,0
BRDA:90,5,0,0
BRDA:90,5,1,0
BRDA:92,6,0,0
BRDA:92,6,1,0
BRDA:94,7,0,0
BRDA:94,7,1,0
BRDA:96,8,0,0
BRDA:96,8,1,0
BRDA:103,9,0,0
BRDA:103,9,1,0
BRDA:105,10,0,0
BRDA:105,10,1,0
BRDA:107,11,0,0
BRDA:107,11,1,0
BRDA:116,12,0,0
BRDA:116,12,1,0
BRF:26
BRH:0
end_of_record
TN:
SF:C:\Users\tomha\FestivowTryouts\Firebase\festivow\src\components\userProfile.vue
FN:68,data
FN:75,created
FN:79,(anonymous_4)
FN:94,(anonymous_5)
FN:99,openPasswordDialog
FNF:5
FNH:0
FNDA:0,data
FNDA:0,created
FNDA:0,(anonymous_4)
FNDA:0,(anonymous_5)
FNDA:0,openPasswordDialog
DA:62,0
DA:63,0
DA:64,0
DA:69,0
DA:75,0
DA:76,0
DA:77,0
DA:78,0
DA:79,0
DA:80,0
DA:81,0
DA:82,0
DA:83,0
DA:84,0
DA:85,0
DA:86,0
DA:87,0
DA:88,0
DA:89,0
DA:92,0
DA:95,0
DA:100,0
DA:101,0
DA:102,0
DA:103,0
LF:25
LH:0
BRDA:80,0,0,0
BRDA:80,0,1,0
BRF:2
BRH:0
end_of_record
TN:
SF:C:\Users\tomha\FestivowTryouts\Firebase\festivow\src\components\userManagement\changePasswordDialog.vue
FN:46,atLeastOneCapital
FN:52,atLeastOneLetter
FN:58,atLeastOneNumber
FN:65,data
FN:86,passwordErrors
FN:102,confirmPasswordErrors
FN:114,changePassword
FN:121,(anonymous_9)
FN:123,(anonymous_10)
FNF:9
FNH:0
FNDA:0,atLeastOneCapital
FNDA:0,atLeastOneLetter
FNDA:0,atLeastOneNumber
FNDA:0,data
FNDA:0,passwordErrors
FNDA:0,confirmPasswordErrors
FNDA:0,changePassword
FNDA:0,(anonymous_9)
FNDA:0,(anonymous_10)
DA:42,0
DA:43,0
DA:44,0
DA:46,0
DA:47,0
DA:49,0
DA:52,0
DA:53,0
DA:55,0
DA:58,0
DA:59,0
DA:61,0
DA:66,0
DA:87,0
DA:88,0
DA:89,0
DA:91,0
DA:93,0
DA:95,0
DA:97,0
DA:99,0
DA:103,0
DA:104,0
DA:106,0
DA:108,0
DA:110,0
DA:115,0
DA:116,0
DA:117,0
DA:118,0
DA:119,0
DA:120,0
DA:121,0
DA:122,0
DA:125,0
DA:128,0
LF:36
LH:0
BRDA:47,0,0,0
BRDA:47,0,1,0
BRDA:53,1,0,0
BRDA:53,1,1,0
BRDA:59,2,0,0
BRDA:59,2,1,0
BRDA:88,3,0,0
BRDA:88,3,1,0
BRDA:89,4,0,0
BRDA:89,4,1,0
BRDA:91,5,0,0
BRDA:91,5,1,0
BRDA:93,6,0,0
BRDA:93,6,1,0
BRDA:95,7,0,0
BRDA:95,7,1,0
BRDA:97,8,0,0
BRDA:97,8,1,0
BRDA:104,9,0,0
BRDA:104,9,1,0
BRDA:106,10,0,0
BRDA:106,10,1,0
BRDA:108,11,0,0
BRDA:108,11,1,0
BRDA:117,12,0,0
BRDA:117,12,1,0
BRF:26
BRH:0
end_of_record
TN:
SF:C:\Users\tomha\FestivowTryouts\Firebase\festivow\src\services\api.js
FNF:0
FNH:0
DA:1,0
DA:4,0
LF:2
LH:0
BRF:0
BRH:0
end_of_record
